<?xml version="1.0" encoding="UTF-8"?>
<Site BuildName="Linux-g++"
	BuildStamp="20260119-2315-Experimental"
	Name="LAPTOP-6K151MAO"
	Generator="ctest-3.28.3"
	CompilerName="/usr/bin/g++"
	CompilerVersion="13.3.0"
	OSName="Linux"
	Hostname="LAPTOP-6K151MAO"
	OSRelease="6.6.87.2-microsoft-standard-WSL2"
	OSVersion="#1 SMP PREEMPT_DYNAMIC Thu Jun  5 18:30:46 UTC 2025"
	OSPlatform="x86_64"
	Is64Bits="1"
	VendorString="GenuineIntel"
	VendorID="Intel Corporation"
	FamilyID="6"
	ModelID="126"
	ProcessorCacheSize="4096"
	NumberOfLogicalCPU="4"
	NumberOfPhysicalCPU="2"
	TotalVirtualMemory="1024"
	TotalPhysicalMemory="3789"
	LogicalProcessorsPerPhysical="2"
	ProcessorClockFrequency="1190.4"
	>
	<Testing>
		<StartDateTime>Jan 20 00:19 CET</StartDateTime>
		<StartTestTime>1768864768</StartTestTime>
		<TestList/>
		<EndDateTime>Jan 20 00:19 CET</EndDateTime>
		<EndTestTime>1768864768</EndTestTime>
		<ElapsedMinutes>0</ElapsedMinutes>
	</Testing>
</Site>
